[2025-11-03 15:08:29] Mailer Error: Invalid address:  (to): 
[2025-11-03 15:08:49] Mailer Error: Invalid address:  (to): 
[2025-11-03 15:11:10] SMTP Debug [level 2]: SERVER -> CLIENT: 220 ESMTP smtp.hostinger.com

[2025-11-03 15:11:10] SMTP Debug [level 1]: CLIENT -> SERVER: EHLO localhost

[2025-11-03 15:11:10] SMTP Debug [level 2]: SERVER -> CLIENT: 250-smtp.hostinger.com
250-PIPELINING
250-SIZE 48811212
250-ETRN
250-STARTTLS
250-AUTH PLAIN LOGIN
250-ENHANCEDSTATUSCODES
250-8BITMIME
250-DSN
250 CHUNKING

[2025-11-03 15:11:10] SMTP Debug [level 1]: CLIENT -> SERVER: STARTTLS

[2025-11-03 15:11:10] SMTP Debug [level 2]: SERVER -> CLIENT: 220 2.0.0 Ready to start TLS

[2025-11-03 15:11:11] SMTP Debug [level 1]: CLIENT -> SERVER: EHLO localhost

[2025-11-03 15:11:11] SMTP Debug [level 2]: SERVER -> CLIENT: 250-smtp.hostinger.com
250-PIPELINING
250-SIZE 48811212
250-ETRN
250-AUTH PLAIN LOGIN
250-ENHANCEDSTATUSCODES
250-8BITMIME
250-DSN
250 CHUNKING

[2025-11-03 15:11:11] SMTP Debug [level 1]: CLIENT -> SERVER: AUTH LOGIN

[2025-11-03 15:11:11] SMTP Debug [level 2]: SERVER -> CLIENT: 334 VXNlcm5hbWU6

[2025-11-03 15:11:11] SMTP Debug [level 1]: CLIENT -> SERVER: [credentials hidden]
[2025-11-03 15:11:12] SMTP Debug [level 2]: SERVER -> CLIENT: 334 UGFzc3dvcmQ6

[2025-11-03 15:11:12] SMTP Debug [level 1]: CLIENT -> SERVER: [credentials hidden]
[2025-11-03 15:11:12] SMTP Debug [level 2]: SERVER -> CLIENT: 235 2.7.0 Authentication successful

[2025-11-03 15:11:12] SMTP Debug [level 1]: CLIENT -> SERVER: MAIL FROM:<support@tcuregistrarrequest.site>

[2025-11-03 15:11:12] SMTP Debug [level 2]: SERVER -> CLIENT: 250 2.1.0 Ok

[2025-11-03 15:11:12] SMTP Debug [level 1]: CLIENT -> SERVER: RCPT TO:<seancvpugosa@gmail.com>

[2025-11-03 15:11:12] SMTP Debug [level 2]: SERVER -> CLIENT: 250 2.1.5 Ok

[2025-11-03 15:11:12] SMTP Debug [level 1]: CLIENT -> SERVER: DATA

[2025-11-03 15:11:13] SMTP Debug [level 2]: SERVER -> CLIENT: 354 End data with <CR><LF>.<CR><LF>

[2025-11-03 15:11:13] SMTP Debug [level 1]: CLIENT -> SERVER: Date: Mon, 3 Nov 2025 15:11:09 +0000

[2025-11-03 15:11:13] SMTP Debug [level 1]: CLIENT -> SERVER: To: seancvpugosa@gmail.com

[2025-11-03 15:11:13] SMTP Debug [level 1]: CLIENT -> SERVER: From: WondaGo <support@tcuregistrarrequest.site>

[2025-11-03 15:11:13] SMTP Debug [level 1]: CLIENT -> SERVER: Subject: Your OTP Code

[2025-11-03 15:11:13] SMTP Debug [level 1]: CLIENT -> SERVER: Message-ID: <3cJOZb2qUf9SlKm06hOC8n5wwS0fKcOjABE1b3QG8@localhost>

[2025-11-03 15:11:13] SMTP Debug [level 1]: CLIENT -> SERVER: X-Mailer: PHPMailer 6.9.1 (https://github.com/PHPMailer/PHPMailer)

[2025-11-03 15:11:13] SMTP Debug [level 1]: CLIENT -> SERVER: MIME-Version: 1.0

[2025-11-03 15:11:13] SMTP Debug [level 1]: CLIENT -> SERVER: Content-Type: text/html; charset=iso-8859-1

[2025-11-03 15:11:13] SMTP Debug [level 1]: CLIENT -> SERVER: 

[2025-11-03 15:11:13] SMTP Debug [level 1]: CLIENT -> SERVER: Your OTP is: 9154

[2025-11-03 15:11:13] SMTP Debug [level 1]: CLIENT -> SERVER: 

[2025-11-03 15:11:13] SMTP Debug [level 1]: CLIENT -> SERVER: .

[2025-11-03 15:11:14] SMTP Debug [level 2]: SERVER -> CLIENT: 250 2.0.0 Ok: queued as 4d0ZmN04j0z1xyd

[2025-11-03 15:11:14] SMTP Debug [level 1]: CLIENT -> SERVER: QUIT

[2025-11-03 15:11:14] SMTP Debug [level 2]: SERVER -> CLIENT: 221 2.0.0 Bye

[2025-11-03 15:11:14] Email sent to seancvpugosa@gmail.com (subject: Your OTP Code)
[2025-11-05 15:11:42] Registration OTP sent to seancvpugosa@gmail.com
[2025-11-05 15:18:50] SMTP Debug [level 2]: SERVER -> CLIENT: 220 ESMTP smtp.hostinger.com

[2025-11-05 15:18:50] SMTP Debug [level 1]: CLIENT -> SERVER: EHLO localhost

[2025-11-05 15:18:50] SMTP Debug [level 2]: SERVER -> CLIENT: 250-smtp.hostinger.com
250-PIPELINING
250-SIZE 48811212
250-ETRN
250-STARTTLS
250-AUTH PLAIN LOGIN
250-ENHANCEDSTATUSCODES
250-8BITMIME
250-DSN
250 CHUNKING

[2025-11-05 15:18:50] SMTP Debug [level 1]: CLIENT -> SERVER: STARTTLS

[2025-11-05 15:18:51] SMTP Debug [level 2]: SERVER -> CLIENT: 220 2.0.0 Ready to start TLS

[2025-11-05 15:18:51] SMTP Debug [level 1]: CLIENT -> SERVER: EHLO localhost

[2025-11-05 15:18:51] SMTP Debug [level 2]: SERVER -> CLIENT: 250-smtp.hostinger.com
250-PIPELINING
250-SIZE 48811212
250-ETRN
250-AUTH PLAIN LOGIN
250-ENHANCEDSTATUSCODES
250-8BITMIME
250-DSN
250 CHUNKING

[2025-11-05 15:18:51] SMTP Debug [level 1]: CLIENT -> SERVER: AUTH LOGIN

[2025-11-05 15:18:52] SMTP Debug [level 2]: SERVER -> CLIENT: 334 VXNlcm5hbWU6

[2025-11-05 15:18:52] SMTP Debug [level 1]: CLIENT -> SERVER: [credentials hidden]
[2025-11-05 15:18:52] SMTP Debug [level 2]: SERVER -> CLIENT: 334 UGFzc3dvcmQ6

[2025-11-05 15:18:52] SMTP Debug [level 1]: CLIENT -> SERVER: [credentials hidden]
[2025-11-05 15:18:52] SMTP Debug [level 2]: SERVER -> CLIENT: 235 2.7.0 Authentication successful

[2025-11-05 15:18:52] SMTP Debug [level 1]: CLIENT -> SERVER: MAIL FROM:<support@tcuregistrarrequest.site>

[2025-11-05 15:18:52] SMTP Debug [level 2]: SERVER -> CLIENT: 250 2.1.0 Ok

[2025-11-05 15:18:52] SMTP Debug [level 1]: CLIENT -> SERVER: RCPT TO:<seancvpugosa@gmail.com>

[2025-11-05 15:18:52] SMTP Debug [level 2]: SERVER -> CLIENT: 250 2.1.5 Ok

[2025-11-05 15:18:52] SMTP Debug [level 1]: CLIENT -> SERVER: DATA

[2025-11-05 15:18:53] SMTP Debug [level 2]: SERVER -> CLIENT: 354 End data with <CR><LF>.<CR><LF>

[2025-11-05 15:18:53] SMTP Debug [level 1]: CLIENT -> SERVER: Date: Wed, 5 Nov 2025 15:18:48 +0000

[2025-11-05 15:18:53] SMTP Debug [level 1]: CLIENT -> SERVER: To: seancvpugosa@gmail.com

[2025-11-05 15:18:53] SMTP Debug [level 1]: CLIENT -> SERVER: From: WondaGo <support@tcuregistrarrequest.site>

[2025-11-05 15:18:53] SMTP Debug [level 1]: CLIENT -> SERVER: Subject: Your WondaGo Verification Code

[2025-11-05 15:18:53] SMTP Debug [level 1]: CLIENT -> SERVER: Message-ID: <NxGeALHcHVZL9Fy96NPjdyFZ1rEBgb8NMwlJqAUsW84@localhost>

[2025-11-05 15:18:53] SMTP Debug [level 1]: CLIENT -> SERVER: X-Mailer: PHPMailer 6.9.1 (https://github.com/PHPMailer/PHPMailer)

[2025-11-05 15:18:53] SMTP Debug [level 1]: CLIENT -> SERVER: MIME-Version: 1.0

[2025-11-05 15:18:53] SMTP Debug [level 1]: CLIENT -> SERVER: Content-Type: text/plain; charset=iso-8859-1

[2025-11-05 15:18:53] SMTP Debug [level 1]: CLIENT -> SERVER: 

[2025-11-05 15:18:53] SMTP Debug [level 1]: CLIENT -> SERVER: Your WondaGo verification code is: 5740

[2025-11-05 15:18:53] SMTP Debug [level 1]: CLIENT -> SERVER: 

[2025-11-05 15:18:53] SMTP Debug [level 1]: CLIENT -> SERVER: .

[2025-11-05 15:18:53] SMTP Debug [level 2]: SERVER -> CLIENT: 250 2.0.0 Ok: queued as 4d1prD680zz1xqF

[2025-11-05 15:18:53] SMTP Debug [level 1]: CLIENT -> SERVER: QUIT

[2025-11-05 15:18:53] SMTP Debug [level 2]: SERVER -> CLIENT: 221 2.0.0 Bye

[2025-11-05 15:18:53] Registration OTP sent to seancvpugosa@gmail.com
